        -:    0:Source:TestCollatz.c++
        -:    0:Graph:TestCollatz.gcno
        -:    0:Data:TestCollatz.gcda
        -:    0:Runs:1
        -:    0:Programs:1
        -:    1:// --------------------------------
        -:    2:// projects/collatz/TestCollatz.c++
        -:    3:// Copyright (C) 2015
        -:    4:// Glenn P. Downing
        -:    5:// --------------------------------
        -:    6:
        -:    7:// https://code.google.com/p/googletest/wiki/V1_7_Primer#Basic_EXPECTions
        -:    8:
        -:    9:// --------
        -:   10:// includes
        -:   11:// --------
        -:   12:
        -:   13:#include <iostream> // cout, endl
        -:   14:#include <sstream>  // istringtstream, ostringstream
        -:   15:#include <string>   // string
        -:   16:#include <utility>  // pair
        -:   17:
        -:   18:#include "gtest/gtest.h"
        -:   19:
        -:   20:#include "Collatz.h"
        -:   21:
        -:   22:using namespace std;
        -:   23:
        -:   24:// -----------
        -:   25:// TestCollatz
        -:   26:// -----------
        -:   27:
        -:   28:// ----
        -:   29:// read
        -:   30:// ----
        -:   31:
function _ZN26CollatzFixture_read_1_TestD0Ev called 1 returned 100% blocks executed 100%
function _ZN26CollatzFixture_read_1_TestD2Ev called 1 returned 100% blocks executed 75%
function _ZN26CollatzFixture_read_1_Test8TestBodyEv called 1 returned 100% blocks executed 40%
function _ZN26CollatzFixture_read_1_TestC2Ev called 1 returned 100% blocks executed 100%
        5:   32:TEST(CollatzFixture, read_1) {
call    0 returned 100%
call    1 returned 100%
call    2 returned 100%
call    3 returned 100%
call    4 returned 100%
call    5 returned 100%
call    6 returned 100%
branch  7 taken 0% (fallthrough)
branch  8 taken 100%
call    9 never executed
call   10 returned 100%
        1:   33:    string s("1 10\n");
call    0 returned 100%
call    1 returned 100%
branch  2 taken 100% (fallthrough)
branch  3 taken 0% (throw)
call    4 returned 100%
        1:   34:    const pair<int, int> p = collatz_read(s);
call    0 returned 100%
branch  1 taken 100% (fallthrough)
branch  2 taken 0% (throw)
        1:   35:    ASSERT_EQ( 1, p.first);
call    0 returned 100%
branch  1 taken 100% (fallthrough)
branch  2 taken 0% (throw)
call    3 returned 100%
branch  4 taken 0% (fallthrough)
branch  5 taken 100%
call    6 never executed
branch  7 never executed
branch  8 never executed
call    9 never executed
branch 10 never executed
branch 11 never executed
call   12 never executed
branch 13 never executed
branch 14 never executed
call   15 never executed
branch 16 never executed
branch 17 never executed
call   18 never executed
call   19 never executed
call   20 returned 100%
branch 21 taken 100%
branch 22 taken 0%
call   23 never executed
call   24 never executed
call   25 never executed
        1:   36:    ASSERT_EQ(10, p.second);}
call    0 returned 100%
branch  1 taken 100% (fallthrough)
branch  2 taken 0% (throw)
call    3 returned 100%
branch  4 taken 0% (fallthrough)
branch  5 taken 100%
call    6 never executed
branch  7 never executed
branch  8 never executed
call    9 never executed
branch 10 never executed
branch 11 never executed
call   12 never executed
branch 13 never executed
branch 14 never executed
call   15 never executed
branch 16 never executed
branch 17 never executed
call   18 never executed
call   19 never executed
call   20 returned 100%
branch 21 taken 100%
branch 22 taken 0%
call   23 returned 100%
branch 24 taken 100%
branch 25 taken 0%
call   26 never executed
call   27 never executed
call   28 never executed
call   29 never executed
call   30 never executed
function _ZN26CollatzFixture_read_2_TestD0Ev called 1 returned 100% blocks executed 100%
function _ZN26CollatzFixture_read_2_TestD2Ev called 1 returned 100% blocks executed 75%
function _ZN26CollatzFixture_read_2_Test8TestBodyEv called 1 returned 100% blocks executed 40%
function _ZN26CollatzFixture_read_2_TestC2Ev called 1 returned 100% blocks executed 100%
        5:   37:TEST(CollatzFixture, read_2) {
call    0 returned 100%
call    1 returned 100%
call    2 returned 100%
call    3 returned 100%
call    4 returned 100%
call    5 returned 100%
call    6 returned 100%
branch  7 taken 0% (fallthrough)
branch  8 taken 100%
call    9 never executed
call   10 returned 100%
        1:   38:    string s("100000 1000000\n");
call    0 returned 100%
call    1 returned 100%
branch  2 taken 100% (fallthrough)
branch  3 taken 0% (throw)
call    4 returned 100%
        1:   39:    const pair<int, int> p = collatz_read(s);
call    0 returned 100%
branch  1 taken 100% (fallthrough)
branch  2 taken 0% (throw)
        1:   40:    ASSERT_EQ( 100000, p.first);
call    0 returned 100%
branch  1 taken 100% (fallthrough)
branch  2 taken 0% (throw)
call    3 returned 100%
branch  4 taken 0% (fallthrough)
branch  5 taken 100%
call    6 never executed
branch  7 never executed
branch  8 never executed
call    9 never executed
branch 10 never executed
branch 11 never executed
call   12 never executed
branch 13 never executed
branch 14 never executed
call   15 never executed
branch 16 never executed
branch 17 never executed
call   18 never executed
call   19 never executed
call   20 returned 100%
branch 21 taken 100%
branch 22 taken 0%
call   23 never executed
call   24 never executed
call   25 never executed
        1:   41:    ASSERT_EQ(1000000, p.second);}
call    0 returned 100%
branch  1 taken 100% (fallthrough)
branch  2 taken 0% (throw)
call    3 returned 100%
branch  4 taken 0% (fallthrough)
branch  5 taken 100%
call    6 never executed
branch  7 never executed
branch  8 never executed
call    9 never executed
branch 10 never executed
branch 11 never executed
call   12 never executed
branch 13 never executed
branch 14 never executed
call   15 never executed
branch 16 never executed
branch 17 never executed
call   18 never executed
call   19 never executed
call   20 returned 100%
branch 21 taken 100%
branch 22 taken 0%
call   23 returned 100%
branch 24 taken 100%
branch 25 taken 0%
call   26 never executed
call   27 never executed
call   28 never executed
call   29 never executed
call   30 never executed
function _ZN26CollatzFixture_read_3_TestD0Ev called 1 returned 100% blocks executed 100%
function _ZN26CollatzFixture_read_3_TestD2Ev called 1 returned 100% blocks executed 75%
function _ZN26CollatzFixture_read_3_Test8TestBodyEv called 1 returned 100% blocks executed 40%
function _ZN26CollatzFixture_read_3_TestC2Ev called 1 returned 100% blocks executed 100%
        5:   42:TEST(CollatzFixture, read_3) {
call    0 returned 100%
call    1 returned 100%
call    2 returned 100%
call    3 returned 100%
call    4 returned 100%
call    5 returned 100%
call    6 returned 100%
branch  7 taken 0% (fallthrough)
branch  8 taken 100%
call    9 never executed
call   10 returned 100%
        1:   43:    string s("999999 1000000\n");
call    0 returned 100%
call    1 returned 100%
branch  2 taken 100% (fallthrough)
branch  3 taken 0% (throw)
call    4 returned 100%
        1:   44:    const pair<int, int> p = collatz_read(s);
call    0 returned 100%
branch  1 taken 100% (fallthrough)
branch  2 taken 0% (throw)
        1:   45:    ASSERT_EQ( 999999, p.first);
call    0 returned 100%
branch  1 taken 100% (fallthrough)
branch  2 taken 0% (throw)
call    3 returned 100%
branch  4 taken 0% (fallthrough)
branch  5 taken 100%
call    6 never executed
branch  7 never executed
branch  8 never executed
call    9 never executed
branch 10 never executed
branch 11 never executed
call   12 never executed
branch 13 never executed
branch 14 never executed
call   15 never executed
branch 16 never executed
branch 17 never executed
call   18 never executed
call   19 never executed
call   20 returned 100%
branch 21 taken 100%
branch 22 taken 0%
call   23 never executed
call   24 never executed
call   25 never executed
        1:   46:    ASSERT_EQ(1000000, p.second);}
call    0 returned 100%
branch  1 taken 100% (fallthrough)
branch  2 taken 0% (throw)
call    3 returned 100%
branch  4 taken 0% (fallthrough)
branch  5 taken 100%
call    6 never executed
branch  7 never executed
branch  8 never executed
call    9 never executed
branch 10 never executed
branch 11 never executed
call   12 never executed
branch 13 never executed
branch 14 never executed
call   15 never executed
branch 16 never executed
branch 17 never executed
call   18 never executed
call   19 never executed
call   20 returned 100%
branch 21 taken 100%
branch 22 taken 0%
call   23 returned 100%
branch 24 taken 100%
branch 25 taken 0%
call   26 never executed
call   27 never executed
call   28 never executed
call   29 never executed
call   30 never executed
function _ZN26CollatzFixture_read_4_TestD0Ev called 1 returned 100% blocks executed 100%
function _ZN26CollatzFixture_read_4_TestD2Ev called 1 returned 100% blocks executed 75%
function _ZN26CollatzFixture_read_4_Test8TestBodyEv called 1 returned 100% blocks executed 40%
function _ZN26CollatzFixture_read_4_TestC2Ev called 1 returned 100% blocks executed 100%
        5:   47:TEST(CollatzFixture, read_4) {
call    0 returned 100%
call    1 returned 100%
call    2 returned 100%
call    3 returned 100%
call    4 returned 100%
call    5 returned 100%
call    6 returned 100%
branch  7 taken 0% (fallthrough)
branch  8 taken 100%
call    9 never executed
call   10 returned 100%
        1:   48:    string s("827599 977399\n");
call    0 returned 100%
call    1 returned 100%
branch  2 taken 100% (fallthrough)
branch  3 taken 0% (throw)
call    4 returned 100%
        1:   49:    const pair<int, int> p = collatz_read(s);
call    0 returned 100%
branch  1 taken 100% (fallthrough)
branch  2 taken 0% (throw)
        1:   50:    ASSERT_EQ(827599, p.first);
call    0 returned 100%
branch  1 taken 100% (fallthrough)
branch  2 taken 0% (throw)
call    3 returned 100%
branch  4 taken 0% (fallthrough)
branch  5 taken 100%
call    6 never executed
branch  7 never executed
branch  8 never executed
call    9 never executed
branch 10 never executed
branch 11 never executed
call   12 never executed
branch 13 never executed
branch 14 never executed
call   15 never executed
branch 16 never executed
branch 17 never executed
call   18 never executed
call   19 never executed
call   20 returned 100%
branch 21 taken 100%
branch 22 taken 0%
call   23 never executed
call   24 never executed
call   25 never executed
        1:   51:    ASSERT_EQ(977399, p.second);}
call    0 returned 100%
branch  1 taken 100% (fallthrough)
branch  2 taken 0% (throw)
call    3 returned 100%
branch  4 taken 0% (fallthrough)
branch  5 taken 100%
call    6 never executed
branch  7 never executed
branch  8 never executed
call    9 never executed
branch 10 never executed
branch 11 never executed
call   12 never executed
branch 13 never executed
branch 14 never executed
call   15 never executed
branch 16 never executed
branch 17 never executed
call   18 never executed
call   19 never executed
call   20 returned 100%
branch 21 taken 100%
branch 22 taken 0%
call   23 returned 100%
branch 24 taken 100%
branch 25 taken 0%
call   26 never executed
call   27 never executed
call   28 never executed
call   29 never executed
call   30 never executed
        -:   52:
        -:   53:
        -:   54:// ----
        -:   55:// eval
        -:   56:// ----
        -:   57:
function _ZN26CollatzFixture_eval_1_TestD0Ev called 1 returned 100% blocks executed 100%
function _ZN26CollatzFixture_eval_1_TestD2Ev called 1 returned 100% blocks executed 75%
function _ZN26CollatzFixture_eval_1_Test8TestBodyEv called 1 returned 100% blocks executed 41%
function _ZN26CollatzFixture_eval_1_TestC2Ev called 1 returned 100% blocks executed 100%
        5:   58:TEST(CollatzFixture, eval_1) {
call    0 returned 100%
call    1 returned 100%
call    2 returned 100%
call    3 returned 100%
call    4 returned 100%
call    5 returned 100%
call    6 returned 100%
branch  7 taken 0% (fallthrough)
branch  8 taken 100%
call    9 never executed
call   10 returned 100%
        1:   59:    const int v = collatz_eval(1, 10);
call    0 returned 100%
branch  1 taken 100% (fallthrough)
branch  2 taken 0% (throw)
        1:   60:    ASSERT_EQ(20, v);}
call    0 returned 100%
branch  1 taken 100% (fallthrough)
branch  2 taken 0% (throw)
call    3 returned 100%
branch  4 taken 0% (fallthrough)
branch  5 taken 100%
call    6 never executed
branch  7 never executed
branch  8 never executed
call    9 never executed
branch 10 never executed
branch 11 never executed
call   12 never executed
branch 13 never executed
branch 14 never executed
call   15 never executed
branch 16 never executed
branch 17 never executed
call   18 never executed
call   19 never executed
call   20 returned 100%
branch 21 taken 100%
branch 22 taken 0%
call   23 never executed
call   24 never executed
call   25 never executed
        -:   61:
function _ZN26CollatzFixture_eval_2_TestD0Ev called 1 returned 100% blocks executed 100%
function _ZN26CollatzFixture_eval_2_TestD2Ev called 1 returned 100% blocks executed 75%
function _ZN26CollatzFixture_eval_2_Test8TestBodyEv called 1 returned 100% blocks executed 41%
function _ZN26CollatzFixture_eval_2_TestC2Ev called 1 returned 100% blocks executed 100%
        5:   62:TEST(CollatzFixture, eval_2) {
call    0 returned 100%
call    1 returned 100%
call    2 returned 100%
call    3 returned 100%
call    4 returned 100%
call    5 returned 100%
call    6 returned 100%
branch  7 taken 0% (fallthrough)
branch  8 taken 100%
call    9 never executed
call   10 returned 100%
        1:   63:    const int v = collatz_eval(100, 200);
call    0 returned 100%
branch  1 taken 100% (fallthrough)
branch  2 taken 0% (throw)
        1:   64:    ASSERT_EQ(125, v);}
call    0 returned 100%
branch  1 taken 100% (fallthrough)
branch  2 taken 0% (throw)
call    3 returned 100%
branch  4 taken 0% (fallthrough)
branch  5 taken 100%
call    6 never executed
branch  7 never executed
branch  8 never executed
call    9 never executed
branch 10 never executed
branch 11 never executed
call   12 never executed
branch 13 never executed
branch 14 never executed
call   15 never executed
branch 16 never executed
branch 17 never executed
call   18 never executed
call   19 never executed
call   20 returned 100%
branch 21 taken 100%
branch 22 taken 0%
call   23 never executed
call   24 never executed
call   25 never executed
        -:   65:
function _ZN26CollatzFixture_eval_3_TestD0Ev called 1 returned 100% blocks executed 100%
function _ZN26CollatzFixture_eval_3_TestD2Ev called 1 returned 100% blocks executed 75%
function _ZN26CollatzFixture_eval_3_Test8TestBodyEv called 1 returned 100% blocks executed 41%
function _ZN26CollatzFixture_eval_3_TestC2Ev called 1 returned 100% blocks executed 100%
        5:   66:TEST(CollatzFixture, eval_3) {
call    0 returned 100%
call    1 returned 100%
call    2 returned 100%
call    3 returned 100%
call    4 returned 100%
call    5 returned 100%
call    6 returned 100%
branch  7 taken 0% (fallthrough)
branch  8 taken 100%
call    9 never executed
call   10 returned 100%
        1:   67:    const int v = collatz_eval(201, 210);
call    0 returned 100%
branch  1 taken 100% (fallthrough)
branch  2 taken 0% (throw)
        1:   68:    ASSERT_EQ(89, v);}
call    0 returned 100%
branch  1 taken 100% (fallthrough)
branch  2 taken 0% (throw)
call    3 returned 100%
branch  4 taken 0% (fallthrough)
branch  5 taken 100%
call    6 never executed
branch  7 never executed
branch  8 never executed
call    9 never executed
branch 10 never executed
branch 11 never executed
call   12 never executed
branch 13 never executed
branch 14 never executed
call   15 never executed
branch 16 never executed
branch 17 never executed
call   18 never executed
call   19 never executed
call   20 returned 100%
branch 21 taken 100%
branch 22 taken 0%
call   23 never executed
call   24 never executed
call   25 never executed
        -:   69:
function _ZN26CollatzFixture_eval_4_TestD0Ev called 1 returned 100% blocks executed 100%
function _ZN26CollatzFixture_eval_4_TestD2Ev called 1 returned 100% blocks executed 75%
function _ZN26CollatzFixture_eval_4_Test8TestBodyEv called 1 returned 100% blocks executed 41%
function _ZN26CollatzFixture_eval_4_TestC2Ev called 1 returned 100% blocks executed 100%
        5:   70:TEST(CollatzFixture, eval_4) {
call    0 returned 100%
call    1 returned 100%
call    2 returned 100%
call    3 returned 100%
call    4 returned 100%
call    5 returned 100%
call    6 returned 100%
branch  7 taken 0% (fallthrough)
branch  8 taken 100%
call    9 never executed
call   10 returned 100%
        1:   71:    const int v = collatz_eval(900, 1000);
call    0 returned 100%
branch  1 taken 100% (fallthrough)
branch  2 taken 0% (throw)
        1:   72:    ASSERT_EQ(174, v);}
call    0 returned 100%
branch  1 taken 100% (fallthrough)
branch  2 taken 0% (throw)
call    3 returned 100%
branch  4 taken 0% (fallthrough)
branch  5 taken 100%
call    6 never executed
branch  7 never executed
branch  8 never executed
call    9 never executed
branch 10 never executed
branch 11 never executed
call   12 never executed
branch 13 never executed
branch 14 never executed
call   15 never executed
branch 16 never executed
branch 17 never executed
call   18 never executed
call   19 never executed
call   20 returned 100%
branch 21 taken 100%
branch 22 taken 0%
call   23 never executed
call   24 never executed
call   25 never executed
function _ZN26CollatzFixture_eval_5_TestD0Ev called 1 returned 100% blocks executed 100%
function _ZN26CollatzFixture_eval_5_TestD2Ev called 1 returned 100% blocks executed 75%
function _ZN26CollatzFixture_eval_5_Test8TestBodyEv called 1 returned 100% blocks executed 41%
function _ZN26CollatzFixture_eval_5_TestC2Ev called 1 returned 100% blocks executed 100%
        5:   73:TEST(CollatzFixture, eval_5) {
call    0 returned 100%
call    1 returned 100%
call    2 returned 100%
call    3 returned 100%
call    4 returned 100%
call    5 returned 100%
call    6 returned 100%
branch  7 taken 0% (fallthrough)
branch  8 taken 100%
call    9 never executed
call   10 returned 100%
        1:   74:    const int v = collatz_eval(10, 1);
call    0 returned 100%
branch  1 taken 100% (fallthrough)
branch  2 taken 0% (throw)
        1:   75:    ASSERT_EQ(20, v);}
call    0 returned 100%
branch  1 taken 100% (fallthrough)
branch  2 taken 0% (throw)
call    3 returned 100%
branch  4 taken 0% (fallthrough)
branch  5 taken 100%
call    6 never executed
branch  7 never executed
branch  8 never executed
call    9 never executed
branch 10 never executed
branch 11 never executed
call   12 never executed
branch 13 never executed
branch 14 never executed
call   15 never executed
branch 16 never executed
branch 17 never executed
call   18 never executed
call   19 never executed
call   20 returned 100%
branch 21 taken 100%
branch 22 taken 0%
call   23 never executed
call   24 never executed
call   25 never executed
        -:   76:
function _ZN26CollatzFixture_eval_6_TestD0Ev called 1 returned 100% blocks executed 100%
function _ZN26CollatzFixture_eval_6_TestD2Ev called 1 returned 100% blocks executed 75%
function _ZN26CollatzFixture_eval_6_Test8TestBodyEv called 1 returned 100% blocks executed 41%
function _ZN26CollatzFixture_eval_6_TestC2Ev called 1 returned 100% blocks executed 100%
        5:   77:TEST(CollatzFixture, eval_6) {
call    0 returned 100%
call    1 returned 100%
call    2 returned 100%
call    3 returned 100%
call    4 returned 100%
call    5 returned 100%
call    6 returned 100%
branch  7 taken 0% (fallthrough)
branch  8 taken 100%
call    9 never executed
call   10 returned 100%
        1:   78:    const int v = collatz_eval(200, 100);
call    0 returned 100%
branch  1 taken 100% (fallthrough)
branch  2 taken 0% (throw)
        1:   79:    ASSERT_EQ(125, v);}
call    0 returned 100%
branch  1 taken 100% (fallthrough)
branch  2 taken 0% (throw)
call    3 returned 100%
branch  4 taken 0% (fallthrough)
branch  5 taken 100%
call    6 never executed
branch  7 never executed
branch  8 never executed
call    9 never executed
branch 10 never executed
branch 11 never executed
call   12 never executed
branch 13 never executed
branch 14 never executed
call   15 never executed
branch 16 never executed
branch 17 never executed
call   18 never executed
call   19 never executed
call   20 returned 100%
branch 21 taken 100%
branch 22 taken 0%
call   23 never executed
call   24 never executed
call   25 never executed
        -:   80:
function _ZN26CollatzFixture_eval_7_TestD0Ev called 1 returned 100% blocks executed 100%
function _ZN26CollatzFixture_eval_7_TestD2Ev called 1 returned 100% blocks executed 75%
function _ZN26CollatzFixture_eval_7_Test8TestBodyEv called 1 returned 100% blocks executed 41%
function _ZN26CollatzFixture_eval_7_TestC2Ev called 1 returned 100% blocks executed 100%
        5:   81:TEST(CollatzFixture, eval_7) {
call    0 returned 100%
call    1 returned 100%
call    2 returned 100%
call    3 returned 100%
call    4 returned 100%
call    5 returned 100%
call    6 returned 100%
branch  7 taken 0% (fallthrough)
branch  8 taken 100%
call    9 never executed
call   10 returned 100%
        1:   82:    const int v = collatz_eval(210, 201);
call    0 returned 100%
branch  1 taken 100% (fallthrough)
branch  2 taken 0% (throw)
        1:   83:    ASSERT_EQ(89, v);}
call    0 returned 100%
branch  1 taken 100% (fallthrough)
branch  2 taken 0% (throw)
call    3 returned 100%
branch  4 taken 0% (fallthrough)
branch  5 taken 100%
call    6 never executed
branch  7 never executed
branch  8 never executed
call    9 never executed
branch 10 never executed
branch 11 never executed
call   12 never executed
branch 13 never executed
branch 14 never executed
call   15 never executed
branch 16 never executed
branch 17 never executed
call   18 never executed
call   19 never executed
call   20 returned 100%
branch 21 taken 100%
branch 22 taken 0%
call   23 never executed
call   24 never executed
call   25 never executed
        -:   84:
function _ZN26CollatzFixture_eval_8_TestD0Ev called 1 returned 100% blocks executed 100%
function _ZN26CollatzFixture_eval_8_TestD2Ev called 1 returned 100% blocks executed 75%
function _ZN26CollatzFixture_eval_8_Test8TestBodyEv called 1 returned 100% blocks executed 41%
function _ZN26CollatzFixture_eval_8_TestC2Ev called 1 returned 100% blocks executed 100%
        5:   85:TEST(CollatzFixture, eval_8) {
call    0 returned 100%
call    1 returned 100%
call    2 returned 100%
call    3 returned 100%
call    4 returned 100%
call    5 returned 100%
call    6 returned 100%
branch  7 taken 0% (fallthrough)
branch  8 taken 100%
call    9 never executed
call   10 returned 100%
        1:   86:    const int v = collatz_eval(1000, 900);
call    0 returned 100%
branch  1 taken 100% (fallthrough)
branch  2 taken 0% (throw)
        1:   87:    ASSERT_EQ(174, v);}
call    0 returned 100%
branch  1 taken 100% (fallthrough)
branch  2 taken 0% (throw)
call    3 returned 100%
branch  4 taken 0% (fallthrough)
branch  5 taken 100%
call    6 never executed
branch  7 never executed
branch  8 never executed
call    9 never executed
branch 10 never executed
branch 11 never executed
call   12 never executed
branch 13 never executed
branch 14 never executed
call   15 never executed
branch 16 never executed
branch 17 never executed
call   18 never executed
call   19 never executed
call   20 returned 100%
branch 21 taken 100%
branch 22 taken 0%
call   23 never executed
call   24 never executed
call   25 never executed
function _ZN26CollatzFixture_eval_9_TestD0Ev called 1 returned 100% blocks executed 100%
function _ZN26CollatzFixture_eval_9_TestD2Ev called 1 returned 100% blocks executed 75%
function _ZN26CollatzFixture_eval_9_Test8TestBodyEv called 1 returned 100% blocks executed 41%
function _ZN26CollatzFixture_eval_9_TestC2Ev called 1 returned 100% blocks executed 100%
        5:   88:TEST(CollatzFixture, eval_9) {
call    0 returned 100%
call    1 returned 100%
call    2 returned 100%
call    3 returned 100%
call    4 returned 100%
call    5 returned 100%
call    6 returned 100%
branch  7 taken 0% (fallthrough)
branch  8 taken 100%
call    9 never executed
call   10 returned 100%
        1:   89:    const int v = collatz_eval(1, 1);
call    0 returned 100%
branch  1 taken 100% (fallthrough)
branch  2 taken 0% (throw)
        1:   90:    ASSERT_EQ(1, v);}
call    0 returned 100%
branch  1 taken 100% (fallthrough)
branch  2 taken 0% (throw)
call    3 returned 100%
branch  4 taken 0% (fallthrough)
branch  5 taken 100%
call    6 never executed
branch  7 never executed
branch  8 never executed
call    9 never executed
branch 10 never executed
branch 11 never executed
call   12 never executed
branch 13 never executed
branch 14 never executed
call   15 never executed
branch 16 never executed
branch 17 never executed
call   18 never executed
call   19 never executed
call   20 returned 100%
branch 21 taken 100%
branch 22 taken 0%
call   23 never executed
call   24 never executed
call   25 never executed
        -:   91:
function _ZN27CollatzFixture_eval_10_TestD0Ev called 1 returned 100% blocks executed 100%
function _ZN27CollatzFixture_eval_10_TestD2Ev called 1 returned 100% blocks executed 75%
function _ZN27CollatzFixture_eval_10_Test8TestBodyEv called 1 returned 100% blocks executed 41%
function _ZN27CollatzFixture_eval_10_TestC2Ev called 1 returned 100% blocks executed 100%
        5:   92:TEST(CollatzFixture, eval_10) {
call    0 returned 100%
call    1 returned 100%
call    2 returned 100%
call    3 returned 100%
call    4 returned 100%
call    5 returned 100%
call    6 returned 100%
branch  7 taken 0% (fallthrough)
branch  8 taken 100%
call    9 never executed
call   10 returned 100%
        1:   93:    const int v = collatz_eval(100, 100);
call    0 returned 100%
branch  1 taken 100% (fallthrough)
branch  2 taken 0% (throw)
        1:   94:    ASSERT_EQ(26, v);}
call    0 returned 100%
branch  1 taken 100% (fallthrough)
branch  2 taken 0% (throw)
call    3 returned 100%
branch  4 taken 0% (fallthrough)
branch  5 taken 100%
call    6 never executed
branch  7 never executed
branch  8 never executed
call    9 never executed
branch 10 never executed
branch 11 never executed
call   12 never executed
branch 13 never executed
branch 14 never executed
call   15 never executed
branch 16 never executed
branch 17 never executed
call   18 never executed
call   19 never executed
call   20 returned 100%
branch 21 taken 100%
branch 22 taken 0%
call   23 never executed
call   24 never executed
call   25 never executed
        -:   95:
function _ZN27CollatzFixture_eval_11_TestD0Ev called 1 returned 100% blocks executed 100%
function _ZN27CollatzFixture_eval_11_TestD2Ev called 1 returned 100% blocks executed 75%
function _ZN27CollatzFixture_eval_11_Test8TestBodyEv called 1 returned 100% blocks executed 41%
function _ZN27CollatzFixture_eval_11_TestC2Ev called 1 returned 100% blocks executed 100%
        5:   96:TEST(CollatzFixture, eval_11) {
call    0 returned 100%
call    1 returned 100%
call    2 returned 100%
call    3 returned 100%
call    4 returned 100%
call    5 returned 100%
call    6 returned 100%
branch  7 taken 0% (fallthrough)
branch  8 taken 100%
call    9 never executed
call   10 returned 100%
        1:   97:    const int v = collatz_eval(201, 201);
call    0 returned 100%
branch  1 taken 100% (fallthrough)
branch  2 taken 0% (throw)
        1:   98:    ASSERT_EQ(19, v);}
call    0 returned 100%
branch  1 taken 100% (fallthrough)
branch  2 taken 0% (throw)
call    3 returned 100%
branch  4 taken 0% (fallthrough)
branch  5 taken 100%
call    6 never executed
branch  7 never executed
branch  8 never executed
call    9 never executed
branch 10 never executed
branch 11 never executed
call   12 never executed
branch 13 never executed
branch 14 never executed
call   15 never executed
branch 16 never executed
branch 17 never executed
call   18 never executed
call   19 never executed
call   20 returned 100%
branch 21 taken 100%
branch 22 taken 0%
call   23 never executed
call   24 never executed
call   25 never executed
        -:   99:
function _ZN27CollatzFixture_eval_12_TestD0Ev called 1 returned 100% blocks executed 100%
function _ZN27CollatzFixture_eval_12_TestD2Ev called 1 returned 100% blocks executed 75%
function _ZN27CollatzFixture_eval_12_Test8TestBodyEv called 1 returned 100% blocks executed 41%
function _ZN27CollatzFixture_eval_12_TestC2Ev called 1 returned 100% blocks executed 100%
        5:  100:TEST(CollatzFixture, eval_12) {
call    0 returned 100%
call    1 returned 100%
call    2 returned 100%
call    3 returned 100%
call    4 returned 100%
call    5 returned 100%
call    6 returned 100%
branch  7 taken 0% (fallthrough)
branch  8 taken 100%
call    9 never executed
call   10 returned 100%
        1:  101:    const int v = collatz_eval(1, 100000);
call    0 returned 100%
branch  1 taken 100% (fallthrough)
branch  2 taken 0% (throw)
        1:  102:    ASSERT_EQ(351, v);}
call    0 returned 100%
branch  1 taken 100% (fallthrough)
branch  2 taken 0% (throw)
call    3 returned 100%
branch  4 taken 0% (fallthrough)
branch  5 taken 100%
call    6 never executed
branch  7 never executed
branch  8 never executed
call    9 never executed
branch 10 never executed
branch 11 never executed
call   12 never executed
branch 13 never executed
branch 14 never executed
call   15 never executed
branch 16 never executed
branch 17 never executed
call   18 never executed
call   19 never executed
call   20 returned 100%
branch 21 taken 100%
branch 22 taken 0%
call   23 never executed
call   24 never executed
call   25 never executed
        -:  103:
        -:  104:// ----
        -:  105:// calc
        -:  106:// ----
function _ZN26CollatzFixture_calc_1_TestD0Ev called 1 returned 100% blocks executed 100%
function _ZN26CollatzFixture_calc_1_TestD2Ev called 1 returned 100% blocks executed 75%
function _ZN26CollatzFixture_calc_1_Test8TestBodyEv called 1 returned 100% blocks executed 41%
function _ZN26CollatzFixture_calc_1_TestC2Ev called 1 returned 100% blocks executed 100%
        5:  107:TEST(CollatzFixture, calc_1) {
call    0 returned 100%
call    1 returned 100%
call    2 returned 100%
call    3 returned 100%
call    4 returned 100%
call    5 returned 100%
call    6 returned 100%
branch  7 taken 0% (fallthrough)
branch  8 taken 100%
call    9 never executed
call   10 returned 100%
        1:  108:    const int v = collatz_calc(5);
call    0 returned 100%
branch  1 taken 100% (fallthrough)
branch  2 taken 0% (throw)
        1:  109:    ASSERT_EQ(6, v);}
call    0 returned 100%
branch  1 taken 100% (fallthrough)
branch  2 taken 0% (throw)
call    3 returned 100%
branch  4 taken 0% (fallthrough)
branch  5 taken 100%
call    6 never executed
branch  7 never executed
branch  8 never executed
call    9 never executed
branch 10 never executed
branch 11 never executed
call   12 never executed
branch 13 never executed
branch 14 never executed
call   15 never executed
branch 16 never executed
branch 17 never executed
call   18 never executed
call   19 never executed
call   20 returned 100%
branch 21 taken 100%
branch 22 taken 0%
call   23 never executed
call   24 never executed
call   25 never executed
        -:  110:
function _ZN26CollatzFixture_calc_2_TestD0Ev called 1 returned 100% blocks executed 100%
function _ZN26CollatzFixture_calc_2_TestD2Ev called 1 returned 100% blocks executed 75%
function _ZN26CollatzFixture_calc_2_Test8TestBodyEv called 1 returned 100% blocks executed 41%
function _ZN26CollatzFixture_calc_2_TestC2Ev called 1 returned 100% blocks executed 100%
        5:  111:TEST(CollatzFixture, calc_2) {
call    0 returned 100%
call    1 returned 100%
call    2 returned 100%
call    3 returned 100%
call    4 returned 100%
call    5 returned 100%
call    6 returned 100%
branch  7 taken 0% (fallthrough)
branch  8 taken 100%
call    9 never executed
call   10 returned 100%
        1:  112:    const int v = collatz_calc(10);
call    0 returned 100%
branch  1 taken 100% (fallthrough)
branch  2 taken 0% (throw)
        1:  113:    ASSERT_EQ(7, v);}
call    0 returned 100%
branch  1 taken 100% (fallthrough)
branch  2 taken 0% (throw)
call    3 returned 100%
branch  4 taken 0% (fallthrough)
branch  5 taken 100%
call    6 never executed
branch  7 never executed
branch  8 never executed
call    9 never executed
branch 10 never executed
branch 11 never executed
call   12 never executed
branch 13 never executed
branch 14 never executed
call   15 never executed
branch 16 never executed
branch 17 never executed
call   18 never executed
call   19 never executed
call   20 returned 100%
branch 21 taken 100%
branch 22 taken 0%
call   23 never executed
call   24 never executed
call   25 never executed
        -:  114:
function _ZN26CollatzFixture_calc_3_TestD0Ev called 1 returned 100% blocks executed 100%
function _ZN26CollatzFixture_calc_3_TestD2Ev called 1 returned 100% blocks executed 75%
function _ZN26CollatzFixture_calc_3_Test8TestBodyEv called 1 returned 100% blocks executed 41%
function _ZN26CollatzFixture_calc_3_TestC2Ev called 1 returned 100% blocks executed 100%
        5:  115:TEST(CollatzFixture, calc_3) {
call    0 returned 100%
call    1 returned 100%
call    2 returned 100%
call    3 returned 100%
call    4 returned 100%
call    5 returned 100%
call    6 returned 100%
branch  7 taken 0% (fallthrough)
branch  8 taken 100%
call    9 never executed
call   10 returned 100%
        1:  116:    const int v = collatz_calc(27);
call    0 returned 100%
branch  1 taken 100% (fallthrough)
branch  2 taken 0% (throw)
        1:  117:    ASSERT_EQ(112, v);}
call    0 returned 100%
branch  1 taken 100% (fallthrough)
branch  2 taken 0% (throw)
call    3 returned 100%
branch  4 taken 0% (fallthrough)
branch  5 taken 100%
call    6 never executed
branch  7 never executed
branch  8 never executed
call    9 never executed
branch 10 never executed
branch 11 never executed
call   12 never executed
branch 13 never executed
branch 14 never executed
call   15 never executed
branch 16 never executed
branch 17 never executed
call   18 never executed
call   19 never executed
call   20 returned 100%
branch 21 taken 100%
branch 22 taken 0%
call   23 never executed
call   24 never executed
call   25 never executed
        -:  118:
function _ZN26CollatzFixture_calc_4_TestD0Ev called 1 returned 100% blocks executed 100%
function _ZN26CollatzFixture_calc_4_TestD2Ev called 1 returned 100% blocks executed 75%
function _ZN26CollatzFixture_calc_4_Test8TestBodyEv called 1 returned 100% blocks executed 41%
function _ZN26CollatzFixture_calc_4_TestC2Ev called 1 returned 100% blocks executed 100%
        5:  119:TEST(CollatzFixture, calc_4) {
call    0 returned 100%
call    1 returned 100%
call    2 returned 100%
call    3 returned 100%
call    4 returned 100%
call    5 returned 100%
call    6 returned 100%
branch  7 taken 0% (fallthrough)
branch  8 taken 100%
call    9 never executed
call   10 returned 100%
        1:  120:    const int v = collatz_calc(999);
call    0 returned 100%
branch  1 taken 100% (fallthrough)
branch  2 taken 0% (throw)
        1:  121:    ASSERT_EQ(50, v);}
call    0 returned 100%
branch  1 taken 100% (fallthrough)
branch  2 taken 0% (throw)
call    3 returned 100%
branch  4 taken 0% (fallthrough)
branch  5 taken 100%
call    6 never executed
branch  7 never executed
branch  8 never executed
call    9 never executed
branch 10 never executed
branch 11 never executed
call   12 never executed
branch 13 never executed
branch 14 never executed
call   15 never executed
branch 16 never executed
branch 17 never executed
call   18 never executed
call   19 never executed
call   20 returned 100%
branch 21 taken 100%
branch 22 taken 0%
call   23 never executed
call   24 never executed
call   25 never executed
function _ZN26CollatzFixture_calc_5_TestD0Ev called 1 returned 100% blocks executed 100%
function _ZN26CollatzFixture_calc_5_TestD2Ev called 1 returned 100% blocks executed 75%
function _ZN26CollatzFixture_calc_5_Test8TestBodyEv called 1 returned 100% blocks executed 41%
function _ZN26CollatzFixture_calc_5_TestC2Ev called 1 returned 100% blocks executed 100%
        5:  122:TEST(CollatzFixture, calc_5) {
call    0 returned 100%
call    1 returned 100%
call    2 returned 100%
call    3 returned 100%
call    4 returned 100%
call    5 returned 100%
call    6 returned 100%
branch  7 taken 0% (fallthrough)
branch  8 taken 100%
call    9 never executed
call   10 returned 100%
        1:  123:    const int v = collatz_calc(999999);
call    0 returned 100%
branch  1 taken 100% (fallthrough)
branch  2 taken 0% (throw)
        1:  124:    ASSERT_EQ(259, v);}
call    0 returned 100%
branch  1 taken 100% (fallthrough)
branch  2 taken 0% (throw)
call    3 returned 100%
branch  4 taken 0% (fallthrough)
branch  5 taken 100%
call    6 never executed
branch  7 never executed
branch  8 never executed
call    9 never executed
branch 10 never executed
branch 11 never executed
call   12 never executed
branch 13 never executed
branch 14 never executed
call   15 never executed
branch 16 never executed
branch 17 never executed
call   18 never executed
call   19 never executed
call   20 returned 100%
branch 21 taken 100%
branch 22 taken 0%
call   23 never executed
call   24 never executed
call   25 never executed
function _ZN26CollatzFixture_calc_6_TestD0Ev called 1 returned 100% blocks executed 100%
function _ZN26CollatzFixture_calc_6_TestD2Ev called 1 returned 100% blocks executed 75%
function _ZN26CollatzFixture_calc_6_Test8TestBodyEv called 1 returned 100% blocks executed 41%
function _ZN26CollatzFixture_calc_6_TestC2Ev called 1 returned 100% blocks executed 100%
        5:  125:TEST(CollatzFixture, calc_6) {
call    0 returned 100%
call    1 returned 100%
call    2 returned 100%
call    3 returned 100%
call    4 returned 100%
call    5 returned 100%
call    6 returned 100%
branch  7 taken 0% (fallthrough)
branch  8 taken 100%
call    9 never executed
call   10 returned 100%
        1:  126:    const int v = collatz_calc(222222);
call    0 returned 100%
branch  1 taken 100% (fallthrough)
branch  2 taken 0% (throw)
        1:  127:    ASSERT_EQ(117, v);}
call    0 returned 100%
branch  1 taken 100% (fallthrough)
branch  2 taken 0% (throw)
call    3 returned 100%
branch  4 taken 0% (fallthrough)
branch  5 taken 100%
call    6 never executed
branch  7 never executed
branch  8 never executed
call    9 never executed
branch 10 never executed
branch 11 never executed
call   12 never executed
branch 13 never executed
branch 14 never executed
call   15 never executed
branch 16 never executed
branch 17 never executed
call   18 never executed
call   19 never executed
call   20 returned 100%
branch 21 taken 100%
branch 22 taken 0%
call   23 never executed
call   24 never executed
call   25 never executed
        -:  128:
function _ZN26CollatzFixture_calc_7_TestD0Ev called 1 returned 100% blocks executed 100%
function _ZN26CollatzFixture_calc_7_TestD2Ev called 1 returned 100% blocks executed 75%
function _ZN26CollatzFixture_calc_7_Test8TestBodyEv called 1 returned 100% blocks executed 41%
function _ZN26CollatzFixture_calc_7_TestC2Ev called 1 returned 100% blocks executed 100%
        5:  129:TEST(CollatzFixture, calc_7) {
call    0 returned 100%
call    1 returned 100%
call    2 returned 100%
call    3 returned 100%
call    4 returned 100%
call    5 returned 100%
call    6 returned 100%
branch  7 taken 0% (fallthrough)
branch  8 taken 100%
call    9 never executed
call   10 returned 100%
        1:  130:    const int v = collatz_calc(879351);
call    0 returned 100%
branch  1 taken 100% (fallthrough)
branch  2 taken 0% (throw)
        1:  131:    ASSERT_EQ(101, v);}
call    0 returned 100%
branch  1 taken 100% (fallthrough)
branch  2 taken 0% (throw)
call    3 returned 100%
branch  4 taken 0% (fallthrough)
branch  5 taken 100%
call    6 never executed
branch  7 never executed
branch  8 never executed
call    9 never executed
branch 10 never executed
branch 11 never executed
call   12 never executed
branch 13 never executed
branch 14 never executed
call   15 never executed
branch 16 never executed
branch 17 never executed
call   18 never executed
call   19 never executed
call   20 returned 100%
branch 21 taken 100%
branch 22 taken 0%
call   23 never executed
call   24 never executed
call   25 never executed
        -:  132:
function _ZN26CollatzFixture_calc_8_TestD0Ev called 1 returned 100% blocks executed 100%
function _ZN26CollatzFixture_calc_8_TestD2Ev called 1 returned 100% blocks executed 75%
function _ZN26CollatzFixture_calc_8_Test8TestBodyEv called 1 returned 100% blocks executed 41%
function _ZN26CollatzFixture_calc_8_TestC2Ev called 1 returned 100% blocks executed 100%
        5:  133:TEST(CollatzFixture, calc_8) {
call    0 returned 100%
call    1 returned 100%
call    2 returned 100%
call    3 returned 100%
call    4 returned 100%
call    5 returned 100%
call    6 returned 100%
branch  7 taken 0% (fallthrough)
branch  8 taken 100%
call    9 never executed
call   10 returned 100%
        1:  134:    const int v = collatz_calc(77031);
call    0 returned 100%
branch  1 taken 100% (fallthrough)
branch  2 taken 0% (throw)
        1:  135:    ASSERT_EQ(351, v);}
call    0 returned 100%
branch  1 taken 100% (fallthrough)
branch  2 taken 0% (throw)
call    3 returned 100%
branch  4 taken 0% (fallthrough)
branch  5 taken 100%
call    6 never executed
branch  7 never executed
branch  8 never executed
call    9 never executed
branch 10 never executed
branch 11 never executed
call   12 never executed
branch 13 never executed
branch 14 never executed
call   15 never executed
branch 16 never executed
branch 17 never executed
call   18 never executed
call   19 never executed
call   20 returned 100%
branch 21 taken 100%
branch 22 taken 0%
call   23 never executed
call   24 never executed
call   25 never executed
        -:  136:
function _ZN26CollatzFixture_calc_9_TestD0Ev called 1 returned 100% blocks executed 100%
function _ZN26CollatzFixture_calc_9_TestD2Ev called 1 returned 100% blocks executed 75%
function _ZN26CollatzFixture_calc_9_Test8TestBodyEv called 1 returned 100% blocks executed 41%
function _ZN26CollatzFixture_calc_9_TestC2Ev called 1 returned 100% blocks executed 100%
        5:  137:TEST(CollatzFixture, calc_9) {
call    0 returned 100%
call    1 returned 100%
call    2 returned 100%
call    3 returned 100%
call    4 returned 100%
call    5 returned 100%
call    6 returned 100%
branch  7 taken 0% (fallthrough)
branch  8 taken 100%
call    9 never executed
call   10 returned 100%
        1:  138:    const int v = collatz_calc(900735);
call    0 returned 100%
branch  1 taken 100% (fallthrough)
branch  2 taken 0% (throw)
        1:  139:    ASSERT_EQ(401, v);}
call    0 returned 100%
branch  1 taken 100% (fallthrough)
branch  2 taken 0% (throw)
call    3 returned 100%
branch  4 taken 0% (fallthrough)
branch  5 taken 100%
call    6 never executed
branch  7 never executed
branch  8 never executed
call    9 never executed
branch 10 never executed
branch 11 never executed
call   12 never executed
branch 13 never executed
branch 14 never executed
call   15 never executed
branch 16 never executed
branch 17 never executed
call   18 never executed
call   19 never executed
call   20 returned 100%
branch 21 taken 100%
branch 22 taken 0%
call   23 never executed
call   24 never executed
call   25 never executed
function _ZN27CollatzFixture_calc_10_TestD0Ev called 1 returned 100% blocks executed 100%
function _ZN27CollatzFixture_calc_10_TestD2Ev called 1 returned 100% blocks executed 75%
function _ZN27CollatzFixture_calc_10_Test8TestBodyEv called 1 returned 100% blocks executed 41%
function _ZN27CollatzFixture_calc_10_TestC2Ev called 1 returned 100% blocks executed 100%
        5:  140:TEST(CollatzFixture, calc_10) {
call    0 returned 100%
call    1 returned 100%
call    2 returned 100%
call    3 returned 100%
call    4 returned 100%
call    5 returned 100%
call    6 returned 100%
branch  7 taken 0% (fallthrough)
branch  8 taken 100%
call    9 never executed
call   10 returned 100%
        1:  141:    const int v = collatz_calc(376603);
call    0 returned 100%
branch  1 taken 100% (fallthrough)
branch  2 taken 0% (throw)
        1:  142:    ASSERT_EQ(423, v);}
call    0 returned 100%
branch  1 taken 100% (fallthrough)
branch  2 taken 0% (throw)
call    3 returned 100%
branch  4 taken 0% (fallthrough)
branch  5 taken 100%
call    6 never executed
branch  7 never executed
branch  8 never executed
call    9 never executed
branch 10 never executed
branch 11 never executed
call   12 never executed
branch 13 never executed
branch 14 never executed
call   15 never executed
branch 16 never executed
branch 17 never executed
call   18 never executed
call   19 never executed
call   20 returned 100%
branch 21 taken 100%
branch 22 taken 0%
call   23 never executed
call   24 never executed
call   25 never executed
        -:  143:
        -:  144:// -----
        -:  145:// print
        -:  146:// -----
        -:  147:
function _ZN27CollatzFixture_print_1_TestD0Ev called 1 returned 100% blocks executed 100%
function _ZN27CollatzFixture_print_1_TestD2Ev called 1 returned 100% blocks executed 75%
function _ZN27CollatzFixture_print_1_Test8TestBodyEv called 1 returned 100% blocks executed 47%
function _ZN27CollatzFixture_print_1_TestC2Ev called 1 returned 100% blocks executed 100%
        5:  148:TEST(CollatzFixture, print_1) {
call    0 returned 100%
call    1 returned 100%
call    2 returned 100%
call    3 returned 100%
call    4 returned 100%
call    5 returned 100%
call    6 returned 100%
branch  7 taken 0% (fallthrough)
branch  8 taken 100%
call    9 never executed
call   10 returned 100%
        1:  149:    ostringstream w;
call    0 returned 100%
branch  1 taken 100% (fallthrough)
branch  2 taken 0% (throw)
        1:  150:    collatz_print(w, 1, 10, 20);
call    0 returned 100%
branch  1 taken 100% (fallthrough)
branch  2 taken 0% (throw)
        1:  151:    ASSERT_EQ("1 10 20\n", w.str());}
call    0 returned 100%
branch  1 taken 100% (fallthrough)
branch  2 taken 0% (throw)
call    3 returned 100%
branch  4 taken 100% (fallthrough)
branch  5 taken 0% (throw)
call    6 returned 100%
call    7 returned 100%
branch  8 taken 0% (fallthrough)
branch  9 taken 100%
call   10 never executed
branch 11 never executed
branch 12 never executed
call   13 never executed
branch 14 never executed
branch 15 never executed
call   16 never executed
branch 17 never executed
branch 18 never executed
call   19 never executed
branch 20 never executed
branch 21 never executed
call   22 never executed
call   23 never executed
call   24 returned 100%
branch 25 taken 100%
branch 26 taken 0%
call   27 returned 100%
branch 28 taken 100%
branch 29 taken 0%
call   30 never executed
call   31 never executed
call   32 never executed
call   33 never executed
call   34 never executed
function _ZN27CollatzFixture_print_2_TestD0Ev called 1 returned 100% blocks executed 100%
function _ZN27CollatzFixture_print_2_TestD2Ev called 1 returned 100% blocks executed 75%
function _ZN27CollatzFixture_print_2_Test8TestBodyEv called 1 returned 100% blocks executed 47%
function _ZN27CollatzFixture_print_2_TestC2Ev called 1 returned 100% blocks executed 100%
        5:  152:TEST(CollatzFixture, print_2) {
call    0 returned 100%
call    1 returned 100%
call    2 returned 100%
call    3 returned 100%
call    4 returned 100%
call    5 returned 100%
call    6 returned 100%
branch  7 taken 0% (fallthrough)
branch  8 taken 100%
call    9 never executed
call   10 returned 100%
        1:  153:    ostringstream w;
call    0 returned 100%
branch  1 taken 100% (fallthrough)
branch  2 taken 0% (throw)
        1:  154:    collatz_print(w, 10, 100, 2000);
call    0 returned 100%
branch  1 taken 100% (fallthrough)
branch  2 taken 0% (throw)
        1:  155:    ASSERT_EQ("10 100 2000\n", w.str());}
call    0 returned 100%
branch  1 taken 100% (fallthrough)
branch  2 taken 0% (throw)
call    3 returned 100%
branch  4 taken 100% (fallthrough)
branch  5 taken 0% (throw)
call    6 returned 100%
call    7 returned 100%
branch  8 taken 0% (fallthrough)
branch  9 taken 100%
call   10 never executed
branch 11 never executed
branch 12 never executed
call   13 never executed
branch 14 never executed
branch 15 never executed
call   16 never executed
branch 17 never executed
branch 18 never executed
call   19 never executed
branch 20 never executed
branch 21 never executed
call   22 never executed
call   23 never executed
call   24 returned 100%
branch 25 taken 100%
branch 26 taken 0%
call   27 returned 100%
branch 28 taken 100%
branch 29 taken 0%
call   30 never executed
call   31 never executed
call   32 never executed
call   33 never executed
call   34 never executed
function _ZN27CollatzFixture_print_3_TestD0Ev called 1 returned 100% blocks executed 100%
function _ZN27CollatzFixture_print_3_TestD2Ev called 1 returned 100% blocks executed 75%
function _ZN27CollatzFixture_print_3_Test8TestBodyEv called 1 returned 100% blocks executed 47%
function _ZN27CollatzFixture_print_3_TestC2Ev called 1 returned 100% blocks executed 100%
        5:  156:TEST(CollatzFixture, print_3) {
call    0 returned 100%
call    1 returned 100%
call    2 returned 100%
call    3 returned 100%
call    4 returned 100%
call    5 returned 100%
call    6 returned 100%
branch  7 taken 0% (fallthrough)
branch  8 taken 100%
call    9 never executed
call   10 returned 100%
        1:  157:    ostringstream w;
call    0 returned 100%
branch  1 taken 100% (fallthrough)
branch  2 taken 0% (throw)
        1:  158:    collatz_print(w, 1000000, 1000000, 1000000);
call    0 returned 100%
branch  1 taken 100% (fallthrough)
branch  2 taken 0% (throw)
        1:  159:    ASSERT_EQ("1000000 1000000 1000000\n", w.str());}
call    0 returned 100%
branch  1 taken 100% (fallthrough)
branch  2 taken 0% (throw)
call    3 returned 100%
branch  4 taken 100% (fallthrough)
branch  5 taken 0% (throw)
call    6 returned 100%
call    7 returned 100%
branch  8 taken 0% (fallthrough)
branch  9 taken 100%
call   10 never executed
branch 11 never executed
branch 12 never executed
call   13 never executed
branch 14 never executed
branch 15 never executed
call   16 never executed
branch 17 never executed
branch 18 never executed
call   19 never executed
branch 20 never executed
branch 21 never executed
call   22 never executed
call   23 never executed
call   24 returned 100%
branch 25 taken 100%
branch 26 taken 0%
call   27 returned 100%
branch 28 taken 100%
branch 29 taken 0%
call   30 never executed
call   31 never executed
call   32 never executed
call   33 never executed
call   34 never executed
        -:  160:
function _ZN27CollatzFixture_print_4_TestD0Ev called 1 returned 100% blocks executed 100%
function _ZN27CollatzFixture_print_4_TestD2Ev called 1 returned 100% blocks executed 75%
function _ZN27CollatzFixture_print_4_Test8TestBodyEv called 1 returned 100% blocks executed 47%
function _ZN27CollatzFixture_print_4_TestC2Ev called 1 returned 100% blocks executed 100%
        5:  161:TEST(CollatzFixture, print_4) {
call    0 returned 100%
call    1 returned 100%
call    2 returned 100%
call    3 returned 100%
call    4 returned 100%
call    5 returned 100%
call    6 returned 100%
branch  7 taken 0% (fallthrough)
branch  8 taken 100%
call    9 never executed
call   10 returned 100%
        1:  162:    ostringstream w;
call    0 returned 100%
branch  1 taken 100% (fallthrough)
branch  2 taken 0% (throw)
        1:  163:    collatz_print(w, 999999, 999999, 999999);
call    0 returned 100%
branch  1 taken 100% (fallthrough)
branch  2 taken 0% (throw)
        1:  164:    ASSERT_EQ("999999 999999 999999\n", w.str());}
call    0 returned 100%
branch  1 taken 100% (fallthrough)
branch  2 taken 0% (throw)
call    3 returned 100%
branch  4 taken 100% (fallthrough)
branch  5 taken 0% (throw)
call    6 returned 100%
call    7 returned 100%
branch  8 taken 0% (fallthrough)
branch  9 taken 100%
call   10 never executed
branch 11 never executed
branch 12 never executed
call   13 never executed
branch 14 never executed
branch 15 never executed
call   16 never executed
branch 17 never executed
branch 18 never executed
call   19 never executed
branch 20 never executed
branch 21 never executed
call   22 never executed
call   23 never executed
call   24 returned 100%
branch 25 taken 100%
branch 26 taken 0%
call   27 returned 100%
branch 28 taken 100%
branch 29 taken 0%
call   30 never executed
call   31 never executed
call   32 never executed
call   33 never executed
call   34 never executed
        -:  165:
        -:  166:
        -:  167:// -----
        -:  168:// solve
        -:  169:// -----
        -:  170:
function _ZN27CollatzFixture_solve_1_TestD0Ev called 1 returned 100% blocks executed 100%
function _ZN27CollatzFixture_solve_1_TestD2Ev called 1 returned 100% blocks executed 75%
function _ZN27CollatzFixture_solve_1_Test8TestBodyEv called 1 returned 100% blocks executed 41%
function _ZN27CollatzFixture_solve_1_TestC2Ev called 1 returned 100% blocks executed 100%
        5:  171:TEST(CollatzFixture, solve_1) {
call    0 returned 100%
call    1 returned 100%
call    2 returned 100%
call    3 returned 100%
call    4 returned 100%
call    5 returned 100%
call    6 returned 100%
branch  7 taken 0% (fallthrough)
branch  8 taken 100%
call    9 never executed
call   10 returned 100%
        1:  172:    istringstream r("1 10\n100 200\n201 210\n900 1000\n");
call    0 returned 100%
call    1 returned 100%
branch  2 taken 100% (fallthrough)
branch  3 taken 0% (throw)
call    4 returned 100%
branch  5 taken 100% (fallthrough)
branch  6 taken 0% (throw)
call    7 returned 100%
call    8 returned 100%
call    9 never executed
call   10 never executed
        2:  173:    ostringstream w;
call    0 returned 100%
branch  1 taken 100% (fallthrough)
branch  2 taken 0% (throw)
call    3 returned 100%
call    4 never executed
        1:  174:    collatz_solve(r, w);
call    0 returned 100%
branch  1 taken 100% (fallthrough)
branch  2 taken 0% (throw)
        2:  175:    EXPECT_EQ("1 10 20\n100 200 125\n201 210 89\n900 1000 174\n", w.str());}
call    0 returned 100%
branch  1 taken 100% (fallthrough)
branch  2 taken 0% (throw)
call    3 returned 100%
branch  4 taken 100% (fallthrough)
branch  5 taken 0% (throw)
call    6 returned 100%
call    7 returned 100%
branch  8 taken 0% (fallthrough)
branch  9 taken 100%
call   10 never executed
branch 11 never executed
branch 12 never executed
call   13 never executed
branch 14 never executed
branch 15 never executed
call   16 never executed
branch 17 never executed
branch 18 never executed
call   19 never executed
branch 20 never executed
branch 21 never executed
call   22 never executed
call   23 never executed
call   24 returned 100%
call   25 returned 100%
call   26 never executed
call   27 never executed
call   28 never executed
call   29 never executed
call   30 never executed
        -:  176:
function _ZN27CollatzFixture_solve_2_TestD0Ev called 1 returned 100% blocks executed 100%
function _ZN27CollatzFixture_solve_2_TestD2Ev called 1 returned 100% blocks executed 75%
function _ZN27CollatzFixture_solve_2_Test8TestBodyEv called 1 returned 100% blocks executed 41%
function _ZN27CollatzFixture_solve_2_TestC2Ev called 1 returned 100% blocks executed 100%
        5:  177:TEST(CollatzFixture, solve_2) {
call    0 returned 100%
call    1 returned 100%
call    2 returned 100%
call    3 returned 100%
call    4 returned 100%
call    5 returned 100%
call    6 returned 100%
branch  7 taken 0% (fallthrough)
branch  8 taken 100%
call    9 never executed
call   10 returned 100%
        1:  178:    istringstream r("1 1\n11 11\n555555 555555\n999999 999999\n");
call    0 returned 100%
call    1 returned 100%
branch  2 taken 100% (fallthrough)
branch  3 taken 0% (throw)
call    4 returned 100%
branch  5 taken 100% (fallthrough)
branch  6 taken 0% (throw)
call    7 returned 100%
call    8 returned 100%
call    9 never executed
call   10 never executed
        2:  179:    ostringstream w;
call    0 returned 100%
branch  1 taken 100% (fallthrough)
branch  2 taken 0% (throw)
call    3 returned 100%
call    4 never executed
        1:  180:    collatz_solve(r, w);
call    0 returned 100%
branch  1 taken 100% (fallthrough)
branch  2 taken 0% (throw)
        2:  181:    EXPECT_EQ("1 1 1\n11 11 15\n555555 555555 147\n999999 999999 259\n", w.str());}
call    0 returned 100%
branch  1 taken 100% (fallthrough)
branch  2 taken 0% (throw)
call    3 returned 100%
branch  4 taken 100% (fallthrough)
branch  5 taken 0% (throw)
call    6 returned 100%
call    7 returned 100%
branch  8 taken 0% (fallthrough)
branch  9 taken 100%
call   10 never executed
branch 11 never executed
branch 12 never executed
call   13 never executed
branch 14 never executed
branch 15 never executed
call   16 never executed
branch 17 never executed
branch 18 never executed
call   19 never executed
branch 20 never executed
branch 21 never executed
call   22 never executed
call   23 never executed
call   24 returned 100%
call   25 returned 100%
call   26 never executed
call   27 never executed
call   28 never executed
call   29 never executed
call   30 never executed
function _ZN27CollatzFixture_solve_3_TestD0Ev called 1 returned 100% blocks executed 100%
function _ZN27CollatzFixture_solve_3_TestD2Ev called 1 returned 100% blocks executed 75%
function _ZN27CollatzFixture_solve_3_Test8TestBodyEv called 1 returned 100% blocks executed 41%
function _ZN27CollatzFixture_solve_3_TestC2Ev called 1 returned 100% blocks executed 100%
        5:  182:TEST(CollatzFixture, solve_3) {
call    0 returned 100%
call    1 returned 100%
call    2 returned 100%
call    3 returned 100%
call    4 returned 100%
call    5 returned 100%
call    6 returned 100%
branch  7 taken 0% (fallthrough)
branch  8 taken 100%
call    9 never executed
call   10 returned 100%
        1:  183:    istringstream r("10 1\n200 100\n210 201\n1000 900\n");
call    0 returned 100%
call    1 returned 100%
branch  2 taken 100% (fallthrough)
branch  3 taken 0% (throw)
call    4 returned 100%
branch  5 taken 100% (fallthrough)
branch  6 taken 0% (throw)
call    7 returned 100%
call    8 returned 100%
call    9 never executed
call   10 never executed
        2:  184:    ostringstream w;
call    0 returned 100%
branch  1 taken 100% (fallthrough)
branch  2 taken 0% (throw)
call    3 returned 100%
call    4 never executed
        1:  185:    collatz_solve(r, w);
call    0 returned 100%
branch  1 taken 100% (fallthrough)
branch  2 taken 0% (throw)
        2:  186:    EXPECT_EQ("10 1 20\n200 100 125\n210 201 89\n1000 900 174\n", w.str());}
call    0 returned 100%
branch  1 taken 100% (fallthrough)
branch  2 taken 0% (throw)
call    3 returned 100%
branch  4 taken 100% (fallthrough)
branch  5 taken 0% (throw)
call    6 returned 100%
call    7 returned 100%
branch  8 taken 0% (fallthrough)
branch  9 taken 100%
call   10 never executed
branch 11 never executed
branch 12 never executed
call   13 never executed
branch 14 never executed
branch 15 never executed
call   16 never executed
branch 17 never executed
branch 18 never executed
call   19 never executed
branch 20 never executed
branch 21 never executed
call   22 never executed
call   23 never executed
call   24 returned 100%
call   25 returned 100%
call   26 never executed
call   27 never executed
call   28 never executed
call   29 never executed
call   30 never executed
function _ZN27CollatzFixture_solve_4_TestD0Ev called 1 returned 100% blocks executed 100%
function _ZN27CollatzFixture_solve_4_TestD2Ev called 1 returned 100% blocks executed 75%
function _ZN27CollatzFixture_solve_4_Test8TestBodyEv called 1 returned 100% blocks executed 41%
function _ZN27CollatzFixture_solve_4_TestC2Ev called 1 returned 100% blocks executed 100%
        5:  187:TEST(CollatzFixture, solve_4) {
call    0 returned 100%
call    1 returned 100%
call    2 returned 100%
call    3 returned 100%
call    4 returned 100%
call    5 returned 100%
call    6 returned 100%
branch  7 taken 0% (fallthrough)
branch  8 taken 100%
call    9 never executed
call   10 returned 100%
        1:  188:    istringstream r("1 100000\n333331 333332\n333333 333335\n666666 666667\n");
call    0 returned 100%
call    1 returned 100%
branch  2 taken 100% (fallthrough)
branch  3 taken 0% (throw)
call    4 returned 100%
branch  5 taken 100% (fallthrough)
branch  6 taken 0% (throw)
call    7 returned 100%
call    8 returned 100%
call    9 never executed
call   10 never executed
        2:  189:    ostringstream w;
call    0 returned 100%
branch  1 taken 100% (fallthrough)
branch  2 taken 0% (throw)
call    3 returned 100%
call    4 never executed
        1:  190:    collatz_solve(r, w);
call    0 returned 100%
branch  1 taken 100% (fallthrough)
branch  2 taken 0% (throw)
function _GLOBAL__sub_I__ZN26CollatzFixture_read_1_Test10test_info_E called 1 returned 100% blocks executed 100%
function _Z41__static_initialization_and_destruction_0ii called 1 returned 100% blocks executed 100%
        5:  191:    EXPECT_EQ("1 100000 351\n333331 333332 154\n333333 333335 154\n666666 666667 155\n", w.str());}
call    0 returned 100%
branch  1 taken 100% (fallthrough)
branch  2 taken 0%
branch  3 taken 100% (fallthrough)
branch  4 taken 0%
call    5 returned 100%
branch  6 taken 100% (fallthrough)
branch  7 taken 0% (throw)
call    8 returned 100%
branch  9 taken 100% (fallthrough)
branch 10 taken 0% (throw)
call   11 returned 100%
call   12 returned 100%
branch 13 taken 0% (fallthrough)
branch 14 taken 100%
call   15 never executed
branch 16 never executed
branch 17 never executed
call   18 never executed
branch 19 never executed
branch 20 never executed
call   21 never executed
branch 22 never executed
branch 23 never executed
call   24 never executed
branch 25 never executed
branch 26 never executed
call   27 never executed
call   28 never executed
call   29 returned 100%
call   30 returned 100%
call   31 never executed
call   32 never executed
call   33 never executed
call   34 never executed
call   35 never executed
        -:  192:
        -:  193:/*
        -:  194:% ls -al /usr/include/gtest/
        -:  195:...
        -:  196:gtest.h
        -:  197:...
        -:  198:
        -:  199:
        -:  200:
        -:  201:% locate libgtest.a
        -:  202:/usr/lib/libgtest.a
        -:  203:...
        -:  204:
        -:  205:
        -:  206:
        -:  207:% locate libpthread.a
        -:  208:...
        -:  209:/usr/lib32/libpthread.a
        -:  210:
        -:  211:
        -:  212:
        -:  213:% locate libgtest_main.a
        -:  214:/usr/lib/libgtest_main.a
        -:  215:...
        -:  216:
        -:  217:
        -:  218:
        -:  219:% g++-4.8 -fprofile-arcs -ftest-coverage -pedantic -std=c++11 -Wall Collatz.c++ TestCollatz.c++ -o TestCollatz -lgtest -lgtest_main -lpthread
        -:  220:
        -:  221:
        -:  222:
        -:  223:% valgrind TestCollatz        >  TestCollatz.out 2>&1
        -:  224:% gcov-4.8 -b Collatz.c++     >> TestCollatz.out
        -:  225:% gcov-4.8 -b TestCollatz.c++ >> TestCollatz.out
        -:  226:
        -:  227:
        -:  228:
        -:  229:% cat TestCollatz.out
        -:  230:==14225== Memcheck, a memory error detector
        -:  231:==14225== Copyright (C) 2002-2011, and GNU GPL'd, by Julian Seward et al.
        -:  232:==14225== Using Valgrind-3.7.0 and LibVEX; rerun with -h for copyright info
        -:  233:==14225== Command: TestCollatz
        -:  234:==14225==
        -:  235:Running main() from gtest_main.cc
        -:  236:[==========] Running 7 tests from 1 test case.
        -:  237:[----------] Global test environment set-up.
        -:  238:[----------] 7 tests from Collatz
        -:  239:[ RUN      ] Collatz.read
        -:  240:[       OK ] Collatz.read (31 ms)
        -:  241:[ RUN      ] Collatz.eval_1
        -:  242:[       OK ] Collatz.eval_1 (5 ms)
        -:  243:[ RUN      ] Collatz.eval_2
        -:  244:[       OK ] Collatz.eval_2 (3 ms)
        -:  245:[ RUN      ] Collatz.eval_3
        -:  246:[       OK ] Collatz.eval_3 (3 ms)
        -:  247:[ RUN      ] Collatz.eval_4
        -:  248:[       OK ] Collatz.eval_4 (3 ms)
        -:  249:[ RUN      ] Collatz.print
        -:  250:[       OK ] Collatz.print (17 ms)
        -:  251:[ RUN      ] Collatz.solve
        -:  252:[       OK ] Collatz.solve (10 ms)
        -:  253:[----------] 7 tests from Collatz (88 ms total)
        -:  254:
        -:  255:[----------] Global test environment tear-down
        -:  256:[==========] 7 tests from 1 test case ran. (132 ms total)
        -:  257:[  PASSED  ] 7 tests.
        -:  258:==14225==
        -:  259:==14225== HEAP SUMMARY:
        -:  260:==14225==     in use at exit: 0 bytes in 0 blocks
        -:  261:==14225==   total heap usage: 495 allocs, 495 frees, 70,302 bytes allocated
        -:  262:==14225==
        -:  263:==14225== All heap blocks were freed -- no leaks are possible
        -:  264:==14225==
        -:  265:==14225== For counts of detected and suppressed errors, rerun with: -v
        -:  266:==14225== ERROR SUMMARY: 0 errors from 0 contexts (suppressed: 2 from 2)
        -:  267:File 'Collatz.c++'
        -:  268:Lines executed:100.00% of 17
        -:  269:Branches executed:100.00% of 18
        -:  270:Taken at least once:61.11% of 18
        -:  271:Calls executed:89.47% of 19
        -:  272:Creating 'Collatz.c++.gcov'
        -:  273:...
        -:  274:File 'TestCollatz.c++'
        -:  275:Lines executed:100.00% of 26
        -:  276:Branches executed:57.14% of 224
        -:  277:Taken at least once:28.57% of 224
        -:  278:Calls executed:54.07% of 209
        -:  279:Creating 'TestCollatz.c++.gcov'
        -:  280:...
        -:  281:*/
